c:\github\cplusplus\fishermanlife\bin\debug-windows-x86_64\glfw\glfw.pdb
c:\github\cplusplus\fishermanlife\bin\debug-windows-x86_64\glfw\glfw.idb
c:\github\cplusplus\fishermanlife\bin-int\debug-windows-x86_64\glfw\wgl_context.obj
c:\github\cplusplus\fishermanlife\bin-int\debug-windows-x86_64\glfw\vulkan.obj
c:\github\cplusplus\fishermanlife\bin-int\debug-windows-x86_64\glfw\posix_time.obj
c:\github\cplusplus\fishermanlife\bin-int\debug-windows-x86_64\glfw\posix_thread.obj
c:\github\cplusplus\fishermanlife\bin-int\debug-windows-x86_64\glfw\posix_poll.obj
c:\github\cplusplus\fishermanlife\bin-int\debug-windows-x86_64\glfw\posix_module.obj
c:\github\cplusplus\fishermanlife\bin-int\debug-windows-x86_64\glfw\platform.obj
c:\github\cplusplus\fishermanlife\bin-int\debug-windows-x86_64\glfw\osmesa_context.obj
c:\github\cplusplus\fishermanlife\bin-int\debug-windows-x86_64\glfw\null_window.obj
c:\github\cplusplus\fishermanlife\bin-int\debug-windows-x86_64\glfw\null_monitor.obj
c:\github\cplusplus\fishermanlife\bin-int\debug-windows-x86_64\glfw\null_joystick.obj
c:\github\cplusplus\fishermanlife\bin-int\debug-windows-x86_64\glfw\null_init.obj
c:\github\cplusplus\fishermanlife\bin-int\debug-windows-x86_64\glfw\monitor.obj
c:\github\cplusplus\fishermanlife\bin-int\debug-windows-x86_64\glfw\linux_joystick.obj
c:\github\cplusplus\fishermanlife\bin-int\debug-windows-x86_64\glfw\input.obj
c:\github\cplusplus\fishermanlife\bin-int\debug-windows-x86_64\glfw\init.obj
c:\github\cplusplus\fishermanlife\bin-int\debug-windows-x86_64\glfw\glx_context.obj
c:\github\cplusplus\fishermanlife\bin-int\debug-windows-x86_64\glfw\egl_context.obj
c:\github\cplusplus\fishermanlife\bin-int\debug-windows-x86_64\glfw\context.obj
c:\github\cplusplus\fishermanlife\bin-int\debug-windows-x86_64\glfw\cocoa_time.obj
c:\github\cplusplus\fishermanlife\bin-int\debug-windows-x86_64\glfw\xkb_unicode.obj
c:\github\cplusplus\fishermanlife\bin-int\debug-windows-x86_64\glfw\x11_window.obj
c:\github\cplusplus\fishermanlife\bin-int\debug-windows-x86_64\glfw\x11_monitor.obj
c:\github\cplusplus\fishermanlife\bin-int\debug-windows-x86_64\glfw\x11_init.obj
c:\github\cplusplus\fishermanlife\bin-int\debug-windows-x86_64\glfw\wl_window.obj
c:\github\cplusplus\fishermanlife\bin-int\debug-windows-x86_64\glfw\wl_monitor.obj
c:\github\cplusplus\fishermanlife\bin-int\debug-windows-x86_64\glfw\wl_init.obj
c:\github\cplusplus\fishermanlife\bin-int\debug-windows-x86_64\glfw\window.obj
c:\github\cplusplus\fishermanlife\bin-int\debug-windows-x86_64\glfw\win32_window.obj
c:\github\cplusplus\fishermanlife\bin-int\debug-windows-x86_64\glfw\win32_time.obj
c:\github\cplusplus\fishermanlife\bin-int\debug-windows-x86_64\glfw\win32_thread.obj
c:\github\cplusplus\fishermanlife\bin-int\debug-windows-x86_64\glfw\win32_monitor.obj
c:\github\cplusplus\fishermanlife\bin-int\debug-windows-x86_64\glfw\win32_module.obj
c:\github\cplusplus\fishermanlife\bin-int\debug-windows-x86_64\glfw\win32_joystick.obj
c:\github\cplusplus\fishermanlife\bin-int\debug-windows-x86_64\glfw\win32_init.obj
c:\github\cplusplus\fishermanlife\bin\debug-windows-x86_64\glfw\glfw.lib
c:\github\cplusplus\fishermanlife\bin-int\debug-windows-x86_64\glfw\glfw.tlog\cl.command.1.tlog
c:\github\cplusplus\fishermanlife\bin-int\debug-windows-x86_64\glfw\glfw.tlog\cl.items.tlog
c:\github\cplusplus\fishermanlife\bin-int\debug-windows-x86_64\glfw\glfw.tlog\cl.read.1.tlog
c:\github\cplusplus\fishermanlife\bin-int\debug-windows-x86_64\glfw\glfw.tlog\cl.write.1.tlog
c:\github\cplusplus\fishermanlife\bin-int\debug-windows-x86_64\glfw\glfw.tlog\lib-link.read.1.tlog
c:\github\cplusplus\fishermanlife\bin-int\debug-windows-x86_64\glfw\glfw.tlog\lib-link.write.1.tlog
c:\github\cplusplus\fishermanlife\bin-int\debug-windows-x86_64\glfw\glfw.tlog\lib.command.1.tlog
