c:\github\cplusplus\fishermanlife\bin-int\debug-windows-x86_64\sandbox\vc143.pdb
c:\github\cplusplus\fishermanlife\bin-int\debug-windows-x86_64\sandbox\vc143.idb
c:\github\cplusplus\fishermanlife\bin-int\debug-windows-x86_64\sandbox\main.obj
c:\github\cplusplus\fishermanlife\bin\debug-windows-x86_64\sandbox\sandbox.exe
c:\github\cplusplus\fishermanlife\bin\debug-windows-x86_64\sandbox\sandbox.pdb
c:\github\cplusplus\fishermanlife\bin\debug-windows-x86_64\sandbox\sandbox.lib
c:\github\cplusplus\fishermanlife\bin\debug-windows-x86_64\sandbox\sandbox.exp
c:\github\cplusplus\fishermanlife\bin-int\debug-windows-x86_64\sandbox\sandbox.ilk
c:\github\cplusplus\fishermanlife\bin-int\debug-windows-x86_64\sandbox\sandbox.tlog\cl.command.1.tlog
c:\github\cplusplus\fishermanlife\bin-int\debug-windows-x86_64\sandbox\sandbox.tlog\cl.items.tlog
c:\github\cplusplus\fishermanlife\bin-int\debug-windows-x86_64\sandbox\sandbox.tlog\cl.read.1.tlog
c:\github\cplusplus\fishermanlife\bin-int\debug-windows-x86_64\sandbox\sandbox.tlog\cl.write.1.tlog
c:\github\cplusplus\fishermanlife\bin-int\debug-windows-x86_64\sandbox\sandbox.tlog\link-cvtres.read.1.tlog
c:\github\cplusplus\fishermanlife\bin-int\debug-windows-x86_64\sandbox\sandbox.tlog\link-cvtres.write.1.tlog
c:\github\cplusplus\fishermanlife\bin-int\debug-windows-x86_64\sandbox\sandbox.tlog\link-rc.read.1.tlog
c:\github\cplusplus\fishermanlife\bin-int\debug-windows-x86_64\sandbox\sandbox.tlog\link-rc.write.1.tlog
c:\github\cplusplus\fishermanlife\bin-int\debug-windows-x86_64\sandbox\sandbox.tlog\link.4608-cvtres.read.1.tlog
c:\github\cplusplus\fishermanlife\bin-int\debug-windows-x86_64\sandbox\sandbox.tlog\link.4608-cvtres.write.1.tlog
c:\github\cplusplus\fishermanlife\bin-int\debug-windows-x86_64\sandbox\sandbox.tlog\link.4608-rc.read.1.tlog
c:\github\cplusplus\fishermanlife\bin-int\debug-windows-x86_64\sandbox\sandbox.tlog\link.4608-rc.write.1.tlog
c:\github\cplusplus\fishermanlife\bin-int\debug-windows-x86_64\sandbox\sandbox.tlog\link.4608.read.1.tlog
c:\github\cplusplus\fishermanlife\bin-int\debug-windows-x86_64\sandbox\sandbox.tlog\link.4608.read.2.tlog
c:\github\cplusplus\fishermanlife\bin-int\debug-windows-x86_64\sandbox\sandbox.tlog\link.4608.write.1.tlog
c:\github\cplusplus\fishermanlife\bin-int\debug-windows-x86_64\sandbox\sandbox.tlog\link.command.1.tlog
c:\github\cplusplus\fishermanlife\bin-int\debug-windows-x86_64\sandbox\sandbox.tlog\link.read.1.tlog
c:\github\cplusplus\fishermanlife\bin-int\debug-windows-x86_64\sandbox\sandbox.tlog\link.read.2.tlog
c:\github\cplusplus\fishermanlife\bin-int\debug-windows-x86_64\sandbox\sandbox.tlog\link.secondary.1.tlog
c:\github\cplusplus\fishermanlife\bin-int\debug-windows-x86_64\sandbox\sandbox.tlog\link.write.1.tlog
