c:\github\cplusplus\fishermanlife\bin\debug-windows-x86_64\gear\gear.pdb
c:\github\cplusplus\fishermanlife\bin\debug-windows-x86_64\gear\gear.idb
c:\github\cplusplus\fishermanlife\bin-int\debug-windows-x86_64\gear\gear.obj
c:\github\cplusplus\fishermanlife\bin-int\debug-windows-x86_64\gear\renderingservice.obj
c:\github\cplusplus\fishermanlife\bin-int\debug-windows-x86_64\gear\applicationservice.obj
c:\github\cplusplus\fishermanlife\bin-int\debug-windows-x86_64\gear\application.obj
c:\github\cplusplus\fishermanlife\bin\debug-windows-x86_64\gear\gear.lib
c:\github\cplusplus\fishermanlife\bin\debug-windows-x86_64\gear\gear.dll
c:\github\cplusplus\fishermanlife\bin\debug-windows-x86_64\gear\gear.exp
c:\github\cplusplus\fishermanlife\bin-int\debug-windows-x86_64\gear\gear.ilk
c:\github\cplusplus\fishermanlife\bin-int\debug-windows-x86_64\gear\vc143.idb
c:\github\cplusplus\fishermanlife\bin-int\debug-windows-x86_64\gear\vc143.pdb
c:\github\cplusplus\fishermanlife\bin-int\debug-windows-x86_64\gear\gear.tlog\cl.command.1.tlog
c:\github\cplusplus\fishermanlife\bin-int\debug-windows-x86_64\gear\gear.tlog\cl.items.tlog
c:\github\cplusplus\fishermanlife\bin-int\debug-windows-x86_64\gear\gear.tlog\cl.read.1.tlog
c:\github\cplusplus\fishermanlife\bin-int\debug-windows-x86_64\gear\gear.tlog\cl.write.1.tlog
c:\github\cplusplus\fishermanlife\bin-int\debug-windows-x86_64\gear\gear.tlog\lib-link.read.1.tlog
c:\github\cplusplus\fishermanlife\bin-int\debug-windows-x86_64\gear\gear.tlog\lib-link.write.1.tlog
c:\github\cplusplus\fishermanlife\bin-int\debug-windows-x86_64\gear\gear.tlog\lib.command.1.tlog
c:\github\cplusplus\fishermanlife\bin-int\debug-windows-x86_64\gear\gear.tlog\link.command.1.tlog
c:\github\cplusplus\fishermanlife\bin-int\debug-windows-x86_64\gear\gear.tlog\link.read.1.tlog
c:\github\cplusplus\fishermanlife\bin-int\debug-windows-x86_64\gear\gear.tlog\link.secondary.1.tlog
c:\github\cplusplus\fishermanlife\bin-int\debug-windows-x86_64\gear\gear.tlog\link.write.1.tlog
